<?xml version="1.0"?>

<ignore-errors>
	<javascript>
		<ignore-error description="LPS-42469">
			<contains>Permission denied to access property 'type'</contains>
			<matches></matches>
		</ignore-error>
		<ignore-error description="LRQA-21789">
			<contains>mutating the [[Prototype]] of an object will cause your code to run very slowly</contains>
			<matches></matches>
		</ignore-error>
	</javascript>
	<log>
		<ignore-error description="">
			<contains></contains>
			<matches>.*The web application \[.*\] appears to have started a thread.*\[Thread-[0-9]+\].*</matches>
		</ignore-error>
		<ignore-error description="">
			<contains>[antelope:post]</contains>
			<matches></matches>
		</ignore-error>
		<ignore-error description="">
			<contains>[AWT-Windows]</contains>
			<matches>.*The web application \[.*\] appears to have started a thread.*</matches>
		</ignore-error>
		<ignore-error description="">
			<contains>[com.google.inject.internal.Finalizer]</contains>
			<matches>.*The web application \[.*\] appears to have started a thread.*</matches>
		</ignore-error>
		<ignore-error description="">
			<contains>[junit]</contains>
			<matches></matches>
		</ignore-error>
		<ignore-error description="">
			<contains>[MultiThreadedHttpConnectionManager cleanup]</contains>
			<matches>.*The web application \[.*\] appears to have started a thread.*</matches>
		</ignore-error>
		<ignore-error description="">
			<contains>[org.python.google.common.base.internal.Finalizer]</contains>
			<matches>.*The web application \[.*\] appears to have started a thread.*</matches>
		</ignore-error>
		<ignore-error description="">
			<contains>BasicResourcePool</contains>
			<matches></matches>
		</ignore-error>
		<ignore-error description="">
			<contains>Caused by:</contains>
			<matches></matches>
		</ignore-error>
		<ignore-error description="">
			<contains>Do NOT use sidecar in production</contains>
			<matches></matches>
		</ignore-error>
		<ignore-error description="">
			<contains>Do NOT use Hypersonic in production</contains>
			<matches></matches>
		</ignore-error>
		<ignore-error description="">
			<contains>INFO:</contains>
			<matches></matches>
		</ignore-error>
		<ignore-error description="">
			<contains>No theme found for specified theme id userdashboard_WAR_userdashboardtheme</contains>
			<matches></matches>
		</ignore-error>
		<ignore-error description="LPS-22821">
			<contains>Exception sending context destroyed event to listener instance of class com.liferay.portal.spring.context.PortalContextLoaderListener</contains>
			<matches></matches>
		</ignore-error>
		<ignore-error description="LPS-23498">
			<contains>JBREM00200:</contains>
			<matches></matches>
		</ignore-error>
		<ignore-error description="LPS-37574">
			<contains>java.util.zip.ZipException: ZipFile closed</contains>
			<matches></matches>
		</ignore-error>
		<ignore-error description="LPS-41776">
			<contains>SEC5054: Certificate has expired</contains>
			<matches></matches>
		</ignore-error>
		<ignore-error description="LPS-46161">
			<contains>[com.google.javascript.jscomp.Tracer.ThreadTrace]</contains>
			<matches>.*The web application \[\] created a ThreadLocal with key of type.*</matches>
		</ignore-error>
		<ignore-error description="LPS-49204">
			<contains></contains>
			<matches>.*The web application \[\] appears to have started a thread named \[elasticsearch\[.*</matches>
		</ignore-error>
		<ignore-error description="LPS-49204">
			<contains>[org.elasticsearch.common.inject]</contains>
			<matches>.*The web application \[\] created a ThreadLocal with key of type.*</matches>
		</ignore-error>
		<ignore-error description="LPS-49204">
			<contains>[org.elasticsearch.index.mapper]</contains>
			<matches>.*The web application \[\] created a ThreadLocal with key of type.*</matches>
		</ignore-error>
		<ignore-error description="LPS-49228">
			<contains>[org.apache.axis.utils.XMLUtils.ThreadLocalDocumentBuilder]</contains>
			<matches>.*The web application \[/sharepoint-hook\] created a ThreadLocal with key of type.*</matches>
		</ignore-error>
		<ignore-error description="LPS-49229">
			<contains>[org.apache.xmlbeans.impl.schema.SchemaTypeLoaderImpl$1]</contains>
			<matches>.*The web application \[\] created a ThreadLocal with key of type.*</matches>
		</ignore-error>
		<ignore-error description="LPS-49229">
			<contains>[org.apache.xmlbeans.impl.store.CharUtil$1]</contains>
			<matches>.*The web application \[\] created a ThreadLocal with key of type.*</matches>
		</ignore-error>
		<ignore-error description="LPS-49229">
			<contains>[org.apache.xmlbeans.impl.store.Locale$1]</contains>
			<matches>.*The web application \[\] created a ThreadLocal with key of type.*</matches>
		</ignore-error>
		<ignore-error description="LPS-49628">
			<contains>[org.apache.poi.extractor.ExtractorFactory$1]</contains>
			<matches>.*The web application \[\] created a ThreadLocal with key of type.*</matches>
		</ignore-error>
		<ignore-error description="LPS-49629">
			<contains>[org.apache.xmlbeans.XmlBeans$1]</contains>
			<matches>.*The web application \[\] created a ThreadLocal with key of type.*</matches>
		</ignore-error>
		<ignore-error description="LPS-51371">
			<contains>[net.sf.jasperreports.engine.fonts.FontUtil$1]</contains>
			<matches>.*The web application \[/jasperreports-web\] created a ThreadLocal with key of type.*</matches>
		</ignore-error>
		<ignore-error description="LPS-52699">
			<contains></contains>
			<matches>.*The web application \[/saml-portlet\] created a ThreadLocal with key of type.*\[org.apache.xml.security.algorithms.MessageDigestAlgorithm\$[0-9]+\].*</matches>
		</ignore-error>
		<ignore-error description="LPS-52699">
			<contains></contains>
			<matches>.*The web application \[/saml-portlet\] created a ThreadLocal with key of type.*\[org.apache.xml.security.algorithms.SignatureAlgorithm\$[0-9]+\].*</matches>
		</ignore-error>
		<ignore-error description="LPS-52699">
			<contains></contains>
			<matches>.*The web application \[/saml-portlet\] created a ThreadLocal with key of type.*\[org.apache.xml.security.utils.UnsyncBufferedOutputStream\$[0-9]+\].*</matches>
		</ignore-error>
		<ignore-error description="LPS-52699">
			<contains></contains>
			<matches>.*The web application \[/saml-portlet\] created a ThreadLocal with key of type.*\[org.apache.xml.security.utils.UnsyncByteArrayOutputStream\$[0-9]+\].*</matches>
		</ignore-error>
		<ignore-error description="LPS-54539">
			<contains></contains>
			<matches>.*The web application \[/agent\] appears to have started a thread.*\[http-bio.*\].*</matches>
		</ignore-error>
		<ignore-error description="LPS-54539">
			<contains></contains>
			<matches>.*The web application \[/agent\] appears to have started a thread.*\[scheduler_Worker-[0-9]+\].*</matches>
		</ignore-error>
		<ignore-error description="LPS-54539">
			<contains></contains>
			<matches>.*The web application \[/agent\] appears to have started a thread.*\[SocketListener.*\].*</matches>
		</ignore-error>
		<ignore-error description="LPS-54680">
			<contains>The web application [/reports-portlet] appears to have started a thread named [C3P0PooledConnectionPool</contains>
			<matches></matches>
		</ignore-error>
		<ignore-error description="LPS-55160">
			<contains></contains>
			<matches>.*osgi.compendium:service=.*version=1.[0-9]+.*</matches>
		</ignore-error>
		<ignore-error description="LPS-63595">
			<contains>Application exception overridden by commit exception</contains>
			<matches></matches>
		</ignore-error>
		<ignore-error description="LPS-65131">
			<contains></contains>
			<matches>.*Table.*does not exist.*</matches>
		</ignore-error>
		<ignore-error description="LPS-68846 and LPS-66321">
			<contains>Unable to call .* of /documents</contains>
			<matches></matches>
		</ignore-error>
		<ignore-error description="LPS-81732">
			<contains>There are no actions associated with the resource com.liferay.portal.workflow.kaleo.model.KaleoDefinitionVersion</contains>
			<matches></matches>
		</ignore-error>
		<ignore-error description="LPS-88412 - temporarily ignore until fixed">
			<contains>drop table if exists Kaleo</contains>
			<matches></matches>
		</ignore-error>
		<ignore-error description="LPS-88418 - temporarily ignore until fixed">
			<contains>There is already an index on table</contains>
			<matches></matches>
		</ignore-error>
		<ignore-error description="LPS-88418 - temporarily ignore until fixed">
			<contains>SQLSTATE=42710</contains>
			<matches></matches>
		</ignore-error>
		<ignore-error description="LPS-88431">
			<contains></contains>
			<matches>.*Unable to find class loader for com.liferay.portal.cluster.multiple_.* class loader com.liferay.portal.cluster.multiple_.*</matches>
		</ignore-error>
		<ignore-error description="LPS-88431">
			<contains></contains>
			<matches>.*Unable to find class loader for com.liferay.portal.scheduler.quartz_.* class loader com.liferay.portal.scheduler.quartz_.*</matches>
		</ignore-error>
		<ignore-error description="LPS-88522">
			<contains>already has the column lastPublishDate</contains>
			<matches></matches>
		</ignore-error>
		<ignore-error description="LPS-88523 - temporarily ignore until fixed">
			<contains>Implicit conversion from datatype 'VARCHAR' to 'DECIMAL' is not allowed.  Use the CONVERT function to run this query.</contains>
			<matches></matches>
		</ignore-error>
		<ignore-error description="LPS-88523 - temporarily ignore until fixed">
			<contains>IX_717B97E1</contains>
			<matches></matches>
		</ignore-error>
		<ignore-error description="LPS-88553">
			<contains>Returning the default theme</contains>
			<matches></matches>
		</ignore-error>
		<ignore-error description="LPS-100651">
			<contains>Unable to connect to a valid mail server. Please make sure one is properly configured: Couldn't connect to host, port: localhost, 25; timeout -1</contains>
			<matches></matches>
		</ignore-error>
		<ignore-error description="LPS-105385 - temporarily ignore until fixed">
			<contains>Unable to deserialize com.liferay.portal.kernel.util.EscapableLocalizableFunction due to security restrictions</contains>
			<matches></matches>
		</ignore-error>
		<ignore-error description="LPS-111433 - temporarily ignore until fixed">
			<contains>IX_EE41CBEB</contains>
			<matches></matches>
		</ignore-error>
		<ignore-error description="LPS-119128">
			<contains>already is datetime</contains>
			<matches></matches>
		</ignore-error>
		<ignore-error description="LPS-122481 - temporarily ignore until fixed">
			<contains></contains>
			<matches>Portlet com_liferay_configuration_admin_web_portlet_InstanceSettingsPortlet from com.liferay.configuration.admin.web.*failed to initialize</matches>
		</ignore-error>
		<ignore-error description="LPS-123610">
			<contains>No default user was found for company</contains>
			<matches></matches>
		</ignore-error>
		<ignore-error description="LPS-134196">
			<contains></contains>
			<matches>Attempting to upgrade table .* by adding a temporary column [\s\S]*</matches>
		</ignore-error>
		<ignore-error description="LPS-140679 - temporarily ignore until fixed">
			<contains>Illegal 'domain' attribute "lax.liferay.com". Domain of origin: "localhost"</contains>
			<matches></matches>
		</ignore-error>
		<ignore-error description="LPS-141256 - temporarily ignore until fixed">
			<contains>The following session is not valid</contains>
			<matches></matches>
		</ignore-error>
		<ignore-error description="LPS-141846 - temporarily ignore until fixed">
			<contains>/o/frontend-editor-ckeditor-web/ckeditor/skins/moono-lexicon/skin.js</contains>
			<matches></matches>
		</ignore-error>
		<ignore-error description="LPS-143849 - temporarily ignore until fixed">
			<contains>DB2 SQL Error: SQLCODE=-204, SQLSTATE=42704, SQLERRMC=ROOT.LAYOUT</contains>
			<matches></matches>
		</ignore-error>
		<ignore-error description="LPS-145695 - temporarily ignore until fixed">
			<contains>java.lang.NoClassDefFoundError: com.liferay.portal.kernel.upgrade.UpgradeProcess</contains>
			<matches></matches>
		</ignore-error>
		<ignore-error description="LPS-145925 - temporarily ignore until fixed">
			<contains>com.liferay.portal.kernel.repository.UndeployedExternalRepositoryException: Unable to load external repository class com.liferay.portal.repository.liferayrepository.LiferayRepository because its plugin is not deployed</contains>
			<matches></matches>
		</ignore-error>
		<ignore-error description="LRQA-24859">
			<contains>No binary licenses found</contains>
			<matches></matches>
		</ignore-error>
		<ignore-error description="WCM-202">
			<contains>No score point assigners available</contains>
			<matches></matches>
		</ignore-error>
	</log>
</ignore-errors>