<?xml version="1.0"?>

<root available-locales="en_US" default-locale="en_US" version="1.0">
	<dynamic-element index-type="keyword" instance-id="aghw" name="Boolean" type="checkbox">
		<dynamic-content language-id="en_US"><![CDATA[]]></dynamic-content>
	</dynamic-element>
	<dynamic-element index-type="keyword" instance-id="qyem" name="Color" type="color">
		<dynamic-content language-id="en_US"><![CDATA[]]></dynamic-content>
	</dynamic-element>
	<dynamic-element index-type="keyword" instance-id="mlgm" name="Date" type="date">
		<dynamic-content language-id="en_US"><![CDATA[]]></dynamic-content>
	</dynamic-element>
	<dynamic-element index-type="keyword" instance-id="ohgr" name="Decimal" type="numeric">
		<dynamic-content language-id="en_US"><![CDATA[]]></dynamic-content>
	</dynamic-element>
	<dynamic-element index-type="keyword" instance-id="rvuu" name="DocumentsAndMedia" type="document_library">
		<dynamic-content language-id="en_US"><![CDATA[]]></dynamic-content>
	</dynamic-element>
	<dynamic-element index-type="keyword" instance-id="pyxy" name="Geolocation" type="geolocation">
		<dynamic-content language-id="en_US"><![CDATA[]]></dynamic-content>
	</dynamic-element>
	<dynamic-element index-type="text" instance-id="gzpj" name="HTML" type="rich_text">
		<dynamic-content language-id="en_US"><![CDATA[]]></dynamic-content>
	</dynamic-element>
	<dynamic-element index-type="text" instance-id="fbvh" name="Image" type="image">
		<dynamic-content language-id="en_US"><![CDATA[]]></dynamic-content>
	</dynamic-element>
	<dynamic-element index-type="keyword" instance-id="oswg" name="Integer" type="numeric">
		<dynamic-content language-id="en_US"><![CDATA[]]></dynamic-content>
	</dynamic-element>
	<dynamic-element index-type="keyword" instance-id="mpch" name="LinkToPage" type="link_to_layout">
		<dynamic-content language-id="en_US"><![CDATA[]]></dynamic-content>
	</dynamic-element>
	<dynamic-element index-type="keyword" instance-id="mssk" name="Number" type="numeric">
		<dynamic-content language-id="en_US"><![CDATA[]]></dynamic-content>
	</dynamic-element>
	<dynamic-element index-type="keyword" instance-id="yuul" name="Radio" type="radio">
		<dynamic-content language-id="en_US"><![CDATA[]]></dynamic-content>
	</dynamic-element>
	<dynamic-element index-type="keyword" instance-id="fjro" name="Select" type="select">
		<dynamic-content language-id="en_US"><![CDATA[]]></dynamic-content>
	</dynamic-element>
	<dynamic-element index-type="keyword" instance-id="knum" name="Separator" type="separator" />
	<dynamic-element index-type="keyword" instance-id="qdsm" name="Text" type="text">
		<dynamic-content language-id="en_US"><![CDATA[]]></dynamic-content>
	</dynamic-element>
	<dynamic-element index-type="text" instance-id="nmzq" name="TextBox" type="text">
		<dynamic-content language-id="en_US"><![CDATA[]]></dynamic-content>
	</dynamic-element>
	<dynamic-element index-type="keyword" instance-id="xcbw" name="WebContent" type="journal_article">
		<dynamic-content language-id="en_US"><![CDATA[]]></dynamic-content>
	</dynamic-element>
</root>