<?xml version="1.0"?>
<!DOCTYPE hibernate-mapping PUBLIC "-//Hibernate/Hibernate Mapping DTD 3.0//EN" "http://www.hibernate.org/dtd/hibernate-mapping-3.0.dtd">

<hibernate-mapping auto-import="false" default-lazy="false">
	<class table="UpgradeMVCCVersionHBMTest">
		<version access="com.liferay.portal.dao.orm.hibernate.PrivatePropertyAccessor" name="mvccVersion" type="long" />
		<property access="com.liferay.portal.dao.orm.hibernate.LiferayPropertyAccessor" column="id" name="id" type="com.liferay.portal.dao.orm.hibernate.StringType" />
		<property access="com.liferay.portal.dao.orm.hibernate.LiferayPropertyAccessor" column="userId" name="userId" type="com.liferay.portal.dao.orm.hibernate.LongType" />
	</class>
</hibernate-mapping>